
  .   ____          _            __ _ _
 /\\ / ___'_ __ _ _(_)_ __  __ _ \ \ \ \
( ( )\___ | '_ | '_| | '_ \/ _` | \ \ \ \
 \\/  ___)| |_)| | | | | || (_| |  ) ) ) )
  '  |____| .__|_| |_|_| |_\__, | / / / /
 =========|_|==============|___/=/_/_/_/
 :: Spring Boot ::                (v2.6.4)

2022-03-14 14:39:23.125  INFO 13181 --- [           main] c.e.p.PracticeWebsocketApplication       : Starting PracticeWebsocketApplication using Java 17.0.2 on ip-172-31-40-156.ap-northeast-2.compute.internal with PID 13181 (/home/ec2-user/practice_websocket/build/libs/practice_websocket-0.0.1-SNAPSHOT.jar started by root in /home/ec2-user/practice_websocket)
2022-03-14 14:39:23.136  INFO 13181 --- [           main] c.e.p.PracticeWebsocketApplication       : No active profile set, falling back to 1 default profile: "default"
2022-03-14 14:39:25.804  INFO 13181 --- [           main] o.s.b.w.embedded.tomcat.TomcatWebServer  : Tomcat initialized with port(s): 8080 (http)
2022-03-14 14:39:25.832  INFO 13181 --- [           main] o.apache.catalina.core.StandardService   : Starting service [Tomcat]
2022-03-14 14:39:25.833  INFO 13181 --- [           main] org.apache.catalina.core.StandardEngine  : Starting Servlet engine: [Apache Tomcat/9.0.58]
2022-03-14 14:39:25.942  INFO 13181 --- [           main] o.a.c.c.C.[Tomcat].[localhost].[/]       : Initializing Spring embedded WebApplicationContext
2022-03-14 14:39:25.942  INFO 13181 --- [           main] w.s.c.ServletWebServerApplicationContext : Root WebApplicationContext: initialization completed in 2621 ms
2022-03-14 14:39:27.539  INFO 13181 --- [           main] o.s.b.w.embedded.tomcat.TomcatWebServer  : Tomcat started on port(s): 8080 (http) with context path ''
2022-03-14 14:39:27.541  INFO 13181 --- [           main] o.s.m.s.b.SimpleBrokerMessageHandler     : Starting...
2022-03-14 14:39:27.541  INFO 13181 --- [           main] o.s.m.s.b.SimpleBrokerMessageHandler     : BrokerAvailabilityEvent[available=true, SimpleBrokerMessageHandler [org.springframework.messaging.simp.broker.DefaultSubscriptionRegistry@7a791b66]]
2022-03-14 14:39:27.541  INFO 13181 --- [           main] o.s.m.s.b.SimpleBrokerMessageHandler     : Started.
2022-03-14 14:39:27.565  INFO 13181 --- [           main] c.e.p.PracticeWebsocketApplication       : Started PracticeWebsocketApplication in 5.937 seconds (JVM running for 7.125)
2022-03-14 14:39:40.100  INFO 13181 --- [nio-8080-exec-1] o.a.c.c.C.[Tomcat].[localhost].[/]       : Initializing Spring DispatcherServlet 'dispatcherServlet'
2022-03-14 14:39:40.100  INFO 13181 --- [nio-8080-exec-1] o.s.web.servlet.DispatcherServlet        : Initializing Servlet 'dispatcherServlet'
2022-03-14 14:39:40.103  INFO 13181 --- [nio-8080-exec-1] o.s.web.servlet.DispatcherServlet        : Completed initialization in 3 ms
2022-03-14 14:40:26.880  INFO 13181 --- [MessageBroker-1] o.s.w.s.c.WebSocketMessageBrokerStats    : WebSocketSession[0 current WS(0)-HttpStream(0)-HttpPoll(0), 0 total, 0 closed abnormally (0 connect failure, 0 send limit, 0 transport error)], stompSubProtocol[processed CONNECT(0)-CONNECTED(0)-DISCONNECT(0)], stompBrokerRelay[null], inboundChannel[pool size = 0, active threads = 0, queued tasks = 0, completed tasks = 0], outboundChannel[pool size = 0, active threads = 0, queued tasks = 0, completed tasks = 0], sockJsScheduler[pool size = 1, active threads = 1, queued tasks = 0, completed tasks = 0]
Error opening zip file or JAR manifest missing : FULL_PATH_TO/newrelic.jar
Error occurred during initialization of VM
agent library failed to init: instrument
Error opening zip file or JAR manifest missing : FULL_PATH_TO/newrelic.jar
Error occurred during initialization of VM
agent library failed to init: instrument
